Have POIs: ['r']
Have parameters: 14
 <<< Combine >>> 
 <<< Combine >>> 
 <<< Combine >>> 
 <<< Combine >>> 
 <<< Combine >>> 
 <<< Combine >>> 
>>> including systematics
>>> including systematics
   Options for Robust Minimizer :: 
   Options for Robust Minimizer :: 
        Tolerance  0.1
        Tolerance  0.1
        Strategy   0
        Strategy   0
        Type,Algo  Minuit2,Migrad
        Type,Algo  Minuit2,Migrad
>>> method used is MultiDimFit
>>> random number generator seed is 123456
>>> method used is MultiDimFit
>>> random number generator seed is 123456
>>> including systematics
>>> including systematics
>>> including systematics
>>> including systematics
   Options for Robust Minimizer :: 
   Options for Robust Minimizer :: 
   Options for Robust Minimizer :: 
        Tolerance  0.1
        Tolerance  0.1
        Tolerance  0.1
        Strategy   0
        Strategy   0
        Strategy   0
        Type,Algo  Minuit2,Migrad
        Type,Algo  Minuit2,Migrad
        Type,Algo  Minuit2,Migrad
>>> method used is MultiDimFit
>>> method used is MultiDimFit
>>> method used is MultiDimFit
>>> random number generator seed is 123456
>>> random number generator seed is 123456
>>> random number generator seed is 123456
   Options for Robust Minimizer :: 
        Tolerance  0.1
        Strategy   0
        Type,Algo  Minuit2,Migrad
>>> method used is MultiDimFit
>>> random number generator seed is 123456
 <<< Combine >>> 
>>> including systematics
 <<< Combine >>> 
   Options for Robust Minimizer :: 
        Tolerance  0.1
        Strategy   0
        Type,Algo  Minuit2,Migrad
>>> method used is MultiDimFit
>>> random number generator seed is 123456
 <<< Combine >>> 
 <<< Combine >>> 
>>> including systematics
   Options for Robust Minimizer :: 
        Tolerance  0.1
        Strategy   0
        Type,Algo  Minuit2,Migrad
>>> method used is MultiDimFit
>>> random number generator seed is 123456
>>> including systematics
>>> including systematics
   Options for Robust Minimizer :: 
   Options for Robust Minimizer :: 
        Tolerance  0.1
        Tolerance  0.1
        Strategy   0
        Strategy   0
        Type,Algo  Minuit2,Migrad
>>> method used is MultiDimFit
        Type,Algo  Minuit2,Migrad
>>> method used is MultiDimFit
>>> random number generator seed is 123456
>>> random number generator seed is 123456
RooArgSet:: = (r)
Computing results starting from expected outcome (a-priori)
RooArgSet:: = (r)
Computing results starting from expected outcome (a-priori)
RooArgSet:: = (r)
Computing results starting from expected outcome (a-priori)
RooArgSet:: = (r)
Computing results starting from expected outcome (a-priori)
RooArgSet:: = (r)
Computing results starting from expected outcome (a-priori)
RooArgSet:: = (r)
Computing results starting from expected outcome (a-priori)
RooArgSet:: = (r)
Computing results starting from expected outcome (a-priori)
RooArgSet:: = (r)
Computing results starting from expected outcome (a-priori)
RooArgSet:: = (r)
RooArgSet:: = (r)
Computing results starting from expected outcome (a-priori)
Computing results starting from expected outcome (a-priori)

 --- MultiDimFit ---
Parameter impacts: 

 --- MultiDimFit ---
Parameter impacts: 

 --- MultiDimFit ---
Parameter impacts: 

 --- MultiDimFit ---
Parameter impacts: 

 --- MultiDimFit ---
Parameter impacts: 

 --- MultiDimFit ---
Parameter impacts: 

 --- MultiDimFit ---
Parameter impacts: 

 --- MultiDimFit ---
Parameter impacts: 

 --- MultiDimFit ---
Parameter impacts: 
  Parameter  :   Best-fit               r            
  CMS_eff_tt :   -0.004  -0.990/+0.976  +0.410/-0.046
Done in 0.00 min (cpu), 0.00 min (real)
  Parameter   :   Best-fit               r            
  CMS_norm_tt :   -0.004  -0.992/+0.948  +0.636/-0.046
Done in 0.00 min (cpu), 0.00 min (real)
  Parameter   :   Best-fit               r            
  CMS_norm_vv :   -0.000  -0.994/+0.995  -0.005/-0.006
Done in 0.00 min (cpu), 0.00 min (real)
  Parameter  :   Best-fit               r            
  CMS_eff_mu :   -0.004  -0.990/+0.980  +0.380/-0.046
Done in 0.00 min (cpu), 0.00 min (real)
  Parameter :   Best-fit               r            
  CMS_Ztag  :   -0.004  -0.990/+0.860  +1.093/-0.045
Done in 0.00 min (cpu), 0.00 min (real)
  Parameter   :   Best-fit               r            
  CMS_scale_j :   -0.003  -0.991/+0.993  +0.206/-0.032
Done in 0.00 min (cpu), 0.00 min (real)
  Parameter :   Best-fit               r            
  CMS_eff_b :   -0.002  -0.993/+0.995  +0.051/-0.015
Done in 0.00 min (cpu), 0.00 min (real)
  Parameter     :   Best-fit               r            
  CMS_norm_zjet :   -0.002  -0.992/+0.995  +0.117/-0.029
Done in 0.00 min (cpu), 0.00 min (real)

 --- MultiDimFit ---
Parameter impacts: 
  Parameter      :   Best-fit               r            
  CMS_stat_lstar :   +0.000  -0.994/+0.995  -0.005/-0.005
Done in 0.00 min (cpu), 0.00 min (real)
  Parameter  :   Best-fit               r            
  CMS_pileup :   -0.004  -0.990/+0.976  +0.450/-0.046
Done in 0.00 min (cpu), 0.00 min (real)
 <<< Combine >>> 
>>> including systematics
   Options for Robust Minimizer :: 
        Tolerance  0.1
        Strategy   0
        Type,Algo  Minuit2,Migrad
>>> method used is MultiDimFit
>>> random number generator seed is 123456
 <<< Combine >>> 
 <<< Combine >>> 
 <<< Combine >>> 
>>> including systematics
>>> including systematics
>>> including systematics
   Options for Robust Minimizer :: 
   Options for Robust Minimizer :: 
        Tolerance  0.1
        Tolerance  0.1
   Options for Robust Minimizer :: 
        Strategy   0
        Strategy   0
        Type,Algo  Minuit2,Migrad
        Type,Algo  Minuit2,Migrad
        Tolerance  0.1
>>> method used is MultiDimFit
>>> method used is MultiDimFit
        Strategy   0
>>> random number generator seed is 123456
        Type,Algo  Minuit2,Migrad
>>> random number generator seed is 123456
>>> method used is MultiDimFit
>>> random number generator seed is 123456
RooArgSet:: = (r)
RooArgSet:: = (r)
RooArgSet:: = (r)
Computing results starting from expected outcome (a-priori)
Computing results starting from expected outcome (a-priori)
Computing results starting from expected outcome (a-priori)
RooArgSet:: = (r)
Computing results starting from expected outcome (a-priori)

 --- MultiDimFit ---
Parameter impacts: 

 --- MultiDimFit ---
Parameter impacts: 

 --- MultiDimFit ---
Parameter impacts: 

 --- MultiDimFit ---
Parameter impacts: 
  Parameter  :   Best-fit               r            
  lumi_13TeV :   -0.004  -0.990/+0.986  +0.416/-0.033
Done in 0.00 min (cpu), 0.00 min (real)
  Parameter     :   Best-fit               r            
  CMS_stat_zjet :   -0.004  -0.990/+0.852  +0.849/-0.044
Done in 0.00 min (cpu), 0.00 min (real)
  Parameter   :   Best-fit               r            
  CMS_stat_tt :   -0.004  -0.990/+0.965  +0.504/-0.046
Done in 0.00 min (cpu), 0.00 min (real)
  Parameter   :   Best-fit               r            
  CMS_stat_vv :   -0.001  -0.994/+0.995  +0.000/-0.011
Done in 0.00 min (cpu), 0.00 min (real)
>> combine -M MultiDimFit -n _paramFit_Test_CMS_norm_tt --algo impact --redefineSignalPOIs r -P CMS_norm_tt --floatOtherPOIs 1 --saveInactivePOI 1 --robustFit 1 -t -1 -m 250 -d t2w_combine_datacard_llstar_llZ_llq_13TeV_mu_ExLep250.root
>> combine -M MultiDimFit -n _paramFit_Test_CMS_Ztag --algo impact --redefineSignalPOIs r -P CMS_Ztag --floatOtherPOIs 1 --saveInactivePOI 1 --robustFit 1 -t -1 -m 250 -d t2w_combine_datacard_llstar_llZ_llq_13TeV_mu_ExLep250.root
>> combine -M MultiDimFit -n _paramFit_Test_CMS_eff_tt --algo impact --redefineSignalPOIs r -P CMS_eff_tt --floatOtherPOIs 1 --saveInactivePOI 1 --robustFit 1 -t -1 -m 250 -d t2w_combine_datacard_llstar_llZ_llq_13TeV_mu_ExLep250.root
>> combine -M MultiDimFit -n _paramFit_Test_CMS_norm_vv --algo impact --redefineSignalPOIs r -P CMS_norm_vv --floatOtherPOIs 1 --saveInactivePOI 1 --robustFit 1 -t -1 -m 250 -d t2w_combine_datacard_llstar_llZ_llq_13TeV_mu_ExLep250.root
>> combine -M MultiDimFit -n _paramFit_Test_CMS_stat_lstar --algo impact --redefineSignalPOIs r -P CMS_stat_lstar --floatOtherPOIs 1 --saveInactivePOI 1 --robustFit 1 -t -1 -m 250 -d t2w_combine_datacard_llstar_llZ_llq_13TeV_mu_ExLep250.root
>> combine -M MultiDimFit -n _paramFit_Test_CMS_pileup --algo impact --redefineSignalPOIs r -P CMS_pileup --floatOtherPOIs 1 --saveInactivePOI 1 --robustFit 1 -t -1 -m 250 -d t2w_combine_datacard_llstar_llZ_llq_13TeV_mu_ExLep250.root
>> combine -M MultiDimFit -n _paramFit_Test_CMS_norm_zjet --algo impact --redefineSignalPOIs r -P CMS_norm_zjet --floatOtherPOIs 1 --saveInactivePOI 1 --robustFit 1 -t -1 -m 250 -d t2w_combine_datacard_llstar_llZ_llq_13TeV_mu_ExLep250.root
>> combine -M MultiDimFit -n _paramFit_Test_lumi_13TeV --algo impact --redefineSignalPOIs r -P lumi_13TeV --floatOtherPOIs 1 --saveInactivePOI 1 --robustFit 1 -t -1 -m 250 -d t2w_combine_datacard_llstar_llZ_llq_13TeV_mu_ExLep250.root
>> combine -M MultiDimFit -n _paramFit_Test_CMS_eff_b --algo impact --redefineSignalPOIs r -P CMS_eff_b --floatOtherPOIs 1 --saveInactivePOI 1 --robustFit 1 -t -1 -m 250 -d t2w_combine_datacard_llstar_llZ_llq_13TeV_mu_ExLep250.root
>> combine -M MultiDimFit -n _paramFit_Test_CMS_stat_zjet --algo impact --redefineSignalPOIs r -P CMS_stat_zjet --floatOtherPOIs 1 --saveInactivePOI 1 --robustFit 1 -t -1 -m 250 -d t2w_combine_datacard_llstar_llZ_llq_13TeV_mu_ExLep250.root
>> combine -M MultiDimFit -n _paramFit_Test_CMS_scale_j --algo impact --redefineSignalPOIs r -P CMS_scale_j --floatOtherPOIs 1 --saveInactivePOI 1 --robustFit 1 -t -1 -m 250 -d t2w_combine_datacard_llstar_llZ_llq_13TeV_mu_ExLep250.root
>> combine -M MultiDimFit -n _paramFit_Test_CMS_stat_tt --algo impact --redefineSignalPOIs r -P CMS_stat_tt --floatOtherPOIs 1 --saveInactivePOI 1 --robustFit 1 -t -1 -m 250 -d t2w_combine_datacard_llstar_llZ_llq_13TeV_mu_ExLep250.root
>> combine -M MultiDimFit -n _paramFit_Test_CMS_eff_mu --algo impact --redefineSignalPOIs r -P CMS_eff_mu --floatOtherPOIs 1 --saveInactivePOI 1 --robustFit 1 -t -1 -m 250 -d t2w_combine_datacard_llstar_llZ_llq_13TeV_mu_ExLep250.root
>> combine -M MultiDimFit -n _paramFit_Test_CMS_stat_vv --algo impact --redefineSignalPOIs r -P CMS_stat_vv --floatOtherPOIs 1 --saveInactivePOI 1 --robustFit 1 -t -1 -m 250 -d t2w_combine_datacard_llstar_llZ_llq_13TeV_mu_ExLep250.root
